  Battleship.cpp
D:\1 курс\ОП 2 сем\Battleship3\Battleship3\Battleship.cpp(75,274): warning C4244: аргумент: преобразование "int" в "float", возможна потеря данных
D:\1 курс\ОП 2 сем\Battleship3\Battleship3\Battleship.cpp(109,26): warning C4244: аргумент: преобразование "int" в "float", возможна потеря данных
D:\1 курс\ОП 2 сем\Battleship3\Battleship3\Battleship.cpp(426,83): warning C4244: аргумент: преобразование "unsigned int" в "T", возможна потеря данных
          with
          [
              T=float
          ]
D:\1 курс\ОП 2 сем\Battleship3\Battleship3\Battleship.cpp(426,54): warning C4244: аргумент: преобразование "unsigned int" в "T", возможна потеря данных
          with
          [
              T=float
          ]
D:\1 курс\ОП 2 сем\Battleship3\Battleship3\Battleship.cpp(431,51): warning C4244: аргумент: преобразование "int" в "T", возможна потеря данных
          with
          [
              T=float
          ]
D:\1 курс\ОП 2 сем\Battleship3\Battleship3\Battleship.cpp(434,41): warning C4244: аргумент: преобразование "int" в "T", возможна потеря данных
          with
          [
              T=float
          ]
D:\1 курс\ОП 2 сем\Battleship3\Battleship3\Battleship.cpp(438,57): warning C4244: аргумент: преобразование "int" в "T", возможна потеря данных
          with
          [
              T=float
          ]
D:\1 курс\ОП 2 сем\Battleship3\Battleship3\Battleship.cpp(441,47): warning C4244: аргумент: преобразование "int" в "T", возможна потеря данных
          with
          [
              T=float
          ]
D:\1 курс\ОП 2 сем\Battleship3\Battleship3\Battleship.cpp(445,46): warning C4244: аргумент: преобразование "int" в "T", возможна потеря данных
          with
          [
              T=float
          ]
D:\1 курс\ОП 2 сем\Battleship3\Battleship3\Battleship.cpp(447,47): warning C4244: аргумент: преобразование "int" в "T", возможна потеря данных
          with
          [
              T=float
          ]
D:\1 курс\ОП 2 сем\Battleship3\Battleship3\Battleship.cpp(450,42): warning C4244: аргумент: преобразование "int" в "T", возможна потеря данных
          with
          [
              T=float
          ]
D:\1 курс\ОП 2 сем\Battleship3\Battleship3\Battleship.cpp(452,42): warning C4244: аргумент: преобразование "int" в "T", возможна потеря данных
          with
          [
              T=float
          ]
D:\1 курс\ОП 2 сем\Battleship3\Battleship3\Battleship.cpp(456,47): warning C4244: аргумент: преобразование "int" в "T", возможна потеря данных
          with
          [
              T=float
          ]
D:\1 курс\ОП 2 сем\Battleship3\Battleship3\Battleship.cpp(458,48): warning C4244: аргумент: преобразование "int" в "T", возможна потеря данных
          with
          [
              T=float
          ]
D:\1 курс\ОП 2 сем\Battleship3\Battleship3\Battleship.cpp(461,42): warning C4244: аргумент: преобразование "int" в "T", возможна потеря данных
          with
          [
              T=float
          ]
D:\1 курс\ОП 2 сем\Battleship3\Battleship3\Battleship.cpp(463,42): warning C4244: аргумент: преобразование "int" в "T", возможна потеря данных
          with
          [
              T=float
          ]
D:\1 курс\ОП 2 сем\Battleship3\Battleship3\Battleship.cpp(571,43): warning C4244: аргумент: преобразование "int" в "float", возможна потеря данных
D:\1 курс\ОП 2 сем\Battleship3\Battleship3\Battleship.cpp(571,29): warning C4244: аргумент: преобразование "int" в "float", возможна потеря данных
D:\1 курс\ОП 2 сем\Battleship3\Battleship3\Battleship.cpp(582,65): warning C4244: аргумент: преобразование "int" в "T", возможна потеря данных
          with
          [
              T=float
          ]
D:\1 курс\ОП 2 сем\Battleship3\Battleship3\Battleship.cpp(582,46): warning C4244: аргумент: преобразование "int" в "T", возможна потеря данных
          with
          [
              T=float
          ]
D:\1 курс\ОП 2 сем\Battleship3\Battleship3\Battleship.cpp(601,42): warning C4244: аргумент: преобразование "int" в "float", возможна потеря данных
D:\1 курс\ОП 2 сем\Battleship3\Battleship3\Battleship.cpp(601,29): warning C4244: аргумент: преобразование "int" в "float", возможна потеря данных
D:\1 курс\ОП 2 сем\Battleship3\Battleship3\Battleship.cpp(611,64): warning C4244: аргумент: преобразование "int" в "T", возможна потеря данных
          with
          [
              T=float
          ]
D:\1 курс\ОП 2 сем\Battleship3\Battleship3\Battleship.cpp(611,45): warning C4244: аргумент: преобразование "int" в "T", возможна потеря данных
          with
          [
              T=float
          ]
D:\1 курс\ОП 2 сем\Battleship3\Battleship3\Battleship.cpp(643,14): warning C4244: инициализация: преобразование "sf::Int64" в "float", возможна потеря данных
D:\1 курс\ОП 2 сем\Battleship3\Battleship3\Battleship.cpp(721,84): warning C4244: аргумент: преобразование "T" в "T", возможна потеря данных
          with
          [
              T=unsigned int
          ]
          and
          [
              T=float
          ]
D:\1 курс\ОП 2 сем\Battleship3\Battleship3\Battleship.cpp(721,57): warning C4244: аргумент: преобразование "T" в "T", возможна потеря данных
          with
          [
              T=unsigned int
          ]
          and
          [
              T=float
          ]
  Battleship3.vcxproj -> D:\1 курс\ОП 2 сем\Battleship3\x64\Debug\Battleship3.exe
